[    0.000000] Initializing cgroup subsys cpuset
[    0.000000] Initializing cgroup subsys cpu
[    0.000000] Initializing cgroup subsys cpuacct
[    0.000000] Linux version 4.4.0-137-generic (buildd@lgw01-amd64-037) (gcc version 5.4.0 20160609 (Ubuntu 5.4.0-6ubuntu1~16.04.10) ) #163-Ubuntu SMP Mon Sep 24 13:14:43 UTC 2018 (Ubuntu 4.4.0-137.163-generic 4.4.144)
[    0.000000] Command line: BOOT_IMAGE=/boot/vmlinuz-4.4.0-137-generic root=LABEL=cloudimg-rootfs ro console=tty1 console=ttyS0
[    0.000000] KERNEL supported cpus:
[    0.000000]   Intel GenuineIntel
[    0.000000]   AMD AuthenticAMD
[    0.000000]   Centaur CentaurHauls
[    0.000000] x86/fpu: xstate_offset[2]:  576, xstate_sizes[2]:  256
[    0.000000] x86/fpu: Supporting XSAVE feature 0x01: 'x87 floating point registers'
[    0.000000] x86/fpu: Supporting XSAVE feature 0x02: 'SSE registers'
[    0.000000] x86/fpu: Supporting XSAVE feature 0x04: 'AVX registers'
[    0.000000] x86/fpu: Enabled xstate features 0x7, context size is 832 bytes, using 'standard' format.
[    0.000000] e820: BIOS-provided physical RAM map:
[    0.000000] BIOS-e820: [mem 0x0000000000000000-0x000000000009fbff] usable
[    0.000000] BIOS-e820: [mem 0x000000000009fc00-0x000000000009ffff] reserved
[    0.000000] BIOS-e820: [mem 0x00000000000f0000-0x00000000000fffff] reserved
[    0.000000] BIOS-e820: [mem 0x0000000000100000-0x000000003ffeffff] usable
[    0.000000] BIOS-e820: [mem 0x000000003fff0000-0x000000003fffffff] ACPI data
[    0.000000] BIOS-e820: [mem 0x00000000fec00000-0x00000000fec00fff] reserved
[  0.000000] BIOS-e820: [mem 0x00000000fee00000-0x00000000fee00fff] reserved
[    0.000000] BIOS-e820: [mem 0x00000000fffc0000-0x00000000ffffffff] reserved
[    0.000000] NX (Execute Disable) protection: active
[    0.000000] SMBIOS 2.5 present.
[    0.000000] Hypervisor detected: KVM
[    0.000000] e820: last_pfn = 0x3fff0 max_arch_pfn = 0x400000000
[    0.000000] MTRR: Disabled
[    0.000000] x86/PAT: MTRRs disabled, skipping PAT initialization too.
[    0.000000] CPU MTRRs all blank - virtualized system.
[    0.000000] x86/PAT: Configuration [0-7]: WB  WT  UC- UC  WB  WT  UC- UC  
[    0.000000] found SMP MP-table at [mem 0x0009fff0-0x0009ffff] mapped at [ffff88000009fff0]
[    0.000000] Scanning 1 areas for low memory corruption
[    0.000000] RAMDISK: [mem 0x3630a000-0x3717cfff]
[    0.000000] ACPI: Early table checksum verification disabled
[    0.000000] ACPI: RSDP 0x00000000000E0000 000024 (v02 VBOX  )
[    0.000000] ACPI: XSDT 0x000000003FFF0030 00003C (v01 VBOX   VBOXXSDT 00000001 ASL  00000061)
[    0.000000] ACPI: FACP 0x000000003FFF00F0 0000F4 (v04 VBOX   VBOXFACP 00000001 ASL  00000061)
[    0.000000] ACPI: DSDT 0x000000003FFF0470 0021FF (v02 VBOX   VBOXBIOS 00000002 INTL 20100528)
[    0.000000] ACPI: FACS 0x000000003FFF0200 000040
[    0.000000] ACPI: FACS 0x000000003FFF0200 000040
[    0.000000] ACPI: APIC 0x000000003FFF0240 00005C (v02 VBOX   VBOXAPIC 00000001 ASL  00000061)
[    0.000000] ACPI: SSDT 0x000000003FFF02A0 0001CC (v01 VBOX   VBOXCPUT 00000002 INTL 20100528)
[    0.000000] No NUMA configuration found
[    0.000000] Faking a node at [mem 0x0000000000000000-0x000000003ffeffff]
[    0.000000] NODE_DATA(0) allocated [mem 0x3ffeb000-0x3ffeffff]
[    0.000000] kvm-clock: Using msrs 4b564d01 and 4b564d00
[    0.000000] kvm-clock: cpu 0, msr 0:3ffe3001, primary cpu clock
[    0.000000] kvm-clock: using sched offset of 6929866273 cycles
[    0.000000] clocksource: kvm-clock: mask: 0xffffffffffffffff max_cycles: 0x1cd42e4dffb, max_idle_ns: 881590591483 ns
[    0.000000] Zone ranges:
[    0.000000]   DMA      [mem 0x0000000000001000-0x0000000000ffffff]
[    0.000000]   DMA32    [mem 0x0000000001000000-0x000000003ffeffff]
[    0.000000]   Normal   empty
[    0.000000]   Device   empty
[    0.000000] Movable zone start for each node
[    0.000000] Early memory node ranges
[    0.000000]   node   0: [mem 0x0000000000001000-0x000000000009efff]
[    0.000000]   node   0: [mem 0x0000000000100000-0x000000003ffeffff]
[    0.000000] Initmem setup node 0 [mem 0x0000000000001000-0x000000003ffeffff]
[    0.000000] ACPI: PM-Timer IO Port: 0x4008
[    0.000000] IOAPIC[0]: apic_id 2, version 32, address 0xfec00000, GSI 0-23
[    0.000000] ACPI: INT_SRC_OVR (bus 0 bus_irq 0 global_irq 2 dfl dfl)
[    0.000000] ACPI: INT_SRC_OVR (bus 0 bus_irq 9 global_irq 9 low level)
[    0.000000] Using ACPI (MADT) for SMP configuration information
[    0.000000] smpboot: Allowing 2 CPUs, 0 hotplug CPUs
[    0..000000] PM: Registered nosave memory: [mem 0x00000000-0x00000fff]
[    0.000000] PM: Registered nosave memory: [mem 0x0009f000-0x0009ffff]
[    0.000000] PM: Registered nosave memory: [mem 0x000a0000-0x000effff]
[    0.000000] PM: Registered nosave memory: [mem 0x000f0000-0x000fffff]
[    0.000000] e820: [mem 0x40000000-0xfebfffff] available for PCI devices
[    0.000000] Booting paravirtualized kernel on KVM
[    0.000000] clocksource: refined-jiffies: mask: 0xffffffff max_cycles: 0xffffffff, max_idle_ns: 7645519600211568 ns
[    0.000000] setup_percpu: NR_CPUS:512 nr_cpumask_bits:512 nr_cpu_ids:2 nr_node_ids:1
[    0.000000] PERCPU: Embedded 34 pages/cpu @ffff88003fc00000 s99608 r8192 d31464 u1048576
[    0.000000] PV qspinlock hash table entries: 256 (order: 0, 4096 bytes)
[    0.000000] Built 1 zonelists in Node order, mobility grouping on.  Total pages: 257912
[    0.000000] Policy zone: DMA32
[    0.000000] Kernel command line: BOOT_IMAGE=/boot/vmlinuz-4.4.0-137-generic root=LABEL=cloudimg-rootfs ro console=tty1 console=ttyS0
[    0.000000] PID hash table entries: 4096 (order: 3, 32768 bytes)
[    0.000000] Memory: 997708K/1048120K available (8555K kernel code, 1314K rwdata, 4004K rodata, 1528K init, 1316K bss, 50412K reserved, 0K cma-reserved)
[    0.000000] SLUB: HWalign=64, Order=0-3, MinObjects=0, CPUs=2, Nodes=1
[    0.000000] Kernel/User page tables isolation: enabled
[    0.000000] Hierarchical RCU implementation.
[    0.000000] 	Build-time adjustment of leaf fanout to 64.
[    0.000000] 	RCU restricting CPUs from NR_CPUS=512 to nr_cpu_ids=2.
[    0.000000] RCU: Adjusting geometry for rcu_fanout_leaf=64, nr_cpu_ids=2
[    0.000000] NR_IRQS:33024 nr_irqs:440 16
[    0.000000] Console: colour VGA+ 80x25
[    0.000000] console [tty1] enabled
[    0.000000] console [ttyS0] enabled
[    0.000000] tsc: Detected 2903.996 MHz processor
[    0.167961] Calibrating delay loop (skipped) preset value.. 5807.99 BogoMIPS (lpj=11615984)
[    0.169581] pid_max: default: 32768 minimum: 301
[    0.170464] ACPI: Core revision 20150930
[    0.172098] ACPI: 2 ACPI AML tables successfully acquired and loaded
[    0.173355] Security Framework initialized
[    0.174145] Yama: becoming mindful.
[    0.174900] AppArmor: AppArmor initialized
[    0.175798] Dentry cache hash table entries: 131072 (order: 8, 1048576 bytes)
[    0.179874] Inode-cache hash table entries: 65536 (order: 7, 524288 bytes)
[    0.181244] Mount-cache hash table entries: 2048 (order: 2, 16384 bytes)
[    0.182418] Mountpoint-cache hash table entries: 2048 (order: 2, 16384 bytes)
[    0.183766] Initializing cgroup subsys io
[    0.184581] Initializing cgroup subsys memory
[    0.185408] Initializing cgroup subsys devices
[    0.186174] Initializing cgroup subsys freezer
[    0.187006] Initializing cgroup subsys net_cls
[    0.187883] Initializing cgroup subsys perf_event
[    0.188794] Initializing cgroup subsys net_prio
[    0.189641] Initializing cgroup subsys hugetlb
[    0.190478] Initializing cgroup subsys pids
[    0.192462] mce: CPU supports 0 MCE banks
[    0.193400] Last level iTLB entries: 4KB 64, 2MB 8, 4MB 8
[    0.194409] Last level dTLB entries: 4KB 64, 2MB 0, 4MB 0, 1GB 4
[    0.197488] Spectre V2 : Mitigation: Full generic retpoline
[    0.198558] Spectre V2 : Spectre v2 mitigation: Speculation control IBPB not-supported IBRS not-supported
[    0.200161] Spectre V2 : Spectre v2 / SpectreRSB mitigation: Filling RSB on context switch
[    0.201980] Speculative Store Bypass: Vulnerable
[    0.205226] Freeing SMP alternatives memory: 32K
[    0.213647] ftrace: allocating 32265 entries in 127 pages
[    0.268698] smpboot: APIC(0) Converting physical 0 to logical package 0
[    0.269935] smpboot: Max logical packages: 1
[    0.271026] x2apic enabled
[    0.271863] Switched APIC routing to physical x2apic.
[    0.273788] ..TIMER: vector=0x30 apic1=0 pin1=2 apic2=-1 pin2=-1
[  0.379476] smpboot: CPU0: Intel(R) Core(TM) i7-7500U CPU @ 2.70GHz (family: 0x6, model: 0x8e, stepping: 0x9)
[    0.445355] Performance Events: unsupported p6 CPU model 142 no PMU driver, software events only.
[    0.447044] KVM setup paravirtual spinlock
[    0.456405] x86: Booting SMP configuration:
[    0.463954] .... node  #0, CPUs:      #1
[    0.464672] kvm-clock: cpu 1, msr 0:3ffe3041, secondary cpu clock
[    0.467043] mce: CPU supports 0 MCE banks
[    0.469561] x86: Booted up 1 node, 2 CPUs
[    0.477557] smpboot: Total of 2 processors activated (11615.98 BogoMIPS)
[    0.478934] devtmpfs: initialized
[    0.480789] evm: security.selinux
[    0.488049] evm: security.SMACK64
[    0.529066] evm: security.SMACK64EXEC
[    0.543118] evm: security.SMACK64TRANSMUTE
[    0.543947] evm: security.SMACK64MMAP
[    0.550960] evm: security.ima
[    0.551616] evm: security.capability
[    0.552549] clocksource: jiffies: mask: 0xffffffff max_cycles: 0xffffffff, max_idle_ns: 7645041785100000 ns
[    0.554500] futex hash table entries: 512 (order: 3, 32768 bytes)
[    0.555833] pinctrl core: initialized pinctrl subsystem
[    0.562935] RTC time: 14:30:50, date: 11/11/18
[    0.564248] NET: Registered protocol family 16
[    0.576607] cpuidle: using governor ladder
[    0.589224] cpuidle: using governor menu
[    0.590062] PCCT header not found.
[    0.590862] ACPI: bus type PCI registered
[    0.591750] acpiphp: ACPI Hot Plug PCI Controller Driver version: 0.5
[    0.593267] PCI: Using configuration type 1 for base access
[    0.605547] ACPI: Added _OSI(Module Device)
[    0.606400] ACPI: Added _OSI(Processor Device)
[    0.607422] ACPI: Added _OSI(3.0 _SCP Extensions)
[    0.608193] ACPI: Added _OSI(Processor Aggregator Device)
[    0.609602] ACPI: Executed 1 blocks of module-level executable AML code
[    0.612407] ACPI: Interpreter enabled
[    0.613094] ACPI: (supports S0 S5)
[    0.613887] ACPI: Using IOAPIC for interrupt routing
[    0.615048] PCI: Using host bridge windows from ACPI; if necessary, use "pci=nocrs" and report a bug
[    0.629681] ACPI: PCI Root Bridge [PCI0] (domain 0000 [bus 00-ff])
[    0.630730] acpi PNP0A03:00: _OSC: OS supports [ASPM ClockPM Segments MSI]
[    0.631734] acpi PNP0A03:00: _OSC: not requesting OS control; OS requires [ExtendedConfig ASPM ClockPM MSI]
[    0.633228] acpi PNP0A03:00: fail to add MMCONFIG information, can't access extended PCI configuration space under this bridge.
[    0.635574] PCI host bridge to bus 0000:00
[    0.642782] pci_bus 0000:00: root bus resource [io  0x0000-0x0cf7 window]
[    0.657609] pci_bus 0000:00: root bus resource [io  0x0d00-0xffff window]
[    0.658594] pci_bus 0000:00: root bus resource [mem 0x000a0000-0x000bffff window]
[    0.659911] pci_bus 0000:00: root bus resource [mem 0x40000000-0xfdffffff window]
[    0.661249] pci_bus 0000:00: root bus resource [bus 00-ff]
[    0.663539] pci 0000:00:01.1: legacy IDE quirk: reg 0x10: [io  0x01f0-0x01f7]
[    0.664759] pci 0000:00:01.1: legacy IDE quirk: reg 0x14: [io  0x03f6]
[    0.672967] pci 0000:00:01.1: legacy IDE quirk: reg 0x18: [io  0x0170-0x0177]
[    0.684888] pci 0000:00:01.1: legacy IDE quirk: reg 0x1c: [io  0x0376]
[    0.715928] pci 0000:00:07.0: quirk: [io  0x4000-0x403f] claimed by PIIX4 ACPI
[    0.723527] pci 0000:00:07.0: quirk: [io  0x4100-0x410f] claimed by PIIX4 SMB
[    0.740280] ACPI: PCI Interrupt Link [LNKA] (IRQs 5 9 10 *11)
[    0.755664] ACPI: PCI Interrupt Link [LNKB] (IRQs 5 9 *10 11)
[    0.756987] ACPI: PCI Interrupt Link [LNKC] (IRQs 5 *9 10 11)
[    0.765476] ACPI: PCI Interrupt Link [LNKD] (IRQs 5 9 10 *11)
[    0.783145] ACPI: Enabled 2 GPEs in block 00 to 07
[    0.799832] vgaarb: setting as boot device: PCI:0000:00:02.0
[    0.814339] vgaarb: device added: PCI:0000:00:02.0,decodes=io+mem,owns=io+mem,locks=none
[    0.816271] vgaarb: loaded
[    0.823226] vgaarb: bridge control possible 0000:00:02.0
[    0.830427] SCSI subsystem initialized
[    0.831181] ACPI: bus type USB registered
[    0.832170] usbcore: registered new interface driver usbfs
[    0.840603] usbcore: registered new interface driver hub
[    0.853801] usbcore: registered new device driver usb
[    0.857454] PCI: Using ACPI for IRQ routing
[    0.886611] NetLabel: Initializing
[    0.894497] NetLabel:  domain hash size = 128
[    0.965452] NetLabel:  protocols = UNLABELED CIPSOv4
[    0.994997] NetLabel:  unlabeled traffic allowed by default
[    1.018522] amd_nb: Cannot enumerate AMD northbridges
[    1.034997] clocksource: Switched to clocksource kvm-clock
[    1.045345] AppArmor: AppArmor Filesystem Enabled
[    1.046234] pnp: PnP ACPI init
[    1.047447] pnp: PnP ACPI: found 3 devices
[    1.057005] clocksource: acpi_pm: mask: 0xffffff max_cycles: 0xffffff, max_idle_ns: 2085701024 ns
[    1.058544] NET: Registered protocol family 2
[    1.066441] TCP established hash table entries: 8192 (order: 4, 65536 bytes)
[    1.067502] TCP bind hash table entries: 8192 (order: 5, 131072 bytes)
[    1.0682]CPHa tleconfigured (established 82 bind 8192)
[    1.375526] UDP hash table entries: 512 (order: 2, 16384 bytes)
[    1.376646] UDP-Lite hash table entries: 512 (order: 2, 16384 bytes)
[    1.377909] NET: Registered protocol family 1
[    1.378835] pci 0000:00:00.0: Limiting direct PCI/PCI transfers
[    1.380007] pci 0000:00:01.0: Activating ISA DMA hang workarounds
[    1.381321] Unpacking initramfs...

[    1.633883] Freeing initrd memory: 14796K
[    1.634912] platform rtc_cmos: registered platform RTC device (no PNP device found)
[    1.636950] Scanning for low memory corruption every 60 seconds
[    1.640695] audit: initializing netlink subsys (disabled)
[    1.641908] audit: type=2000 audit(1541946659.042:1): initialized
[    1.643587] Initialise system trusted keyring
[    1.644878] HugeTLB registered 2 MB page size, pre-allocated 0 pages
[    1.647389] zbud: loaded
[    1.648473] VFS: Disk quotas dquot_6.6.0
[    1.649412] VFS: Dquot-cache hash table entries: 512 (order 0, 4096 bytes)
[    1.652307] squashfs: version 4.0 (2009/01/31) Phillip Lougher
[    1.661670] fuse init (API version 7.23)
[    1.662682] Key type big_key registered
[    1.663632] Allocating IMA MOK and blacklist keyrings.
[    1.666249] Key type asymmetric registered
[    1.667209] Asymmetric key parser 'x509' registered
[    1.668239] Block layer SCSI generic (bsg) driver version 0.4 loaded (major 249)
[    1.669744] io scheduler noop registered
[    1.670549] io scheduler deadline registered (default)
[    1.671705] io scheduler cfq registered
[    1.678888] pci_hotplug: PCI Hot Plug PCI Core version: 0.5
[    1.679808] pciehp: PCI Express Hot Plug Controller Driver version: 0.4
[    1.680879] ACPI: AC Adapter [AC] (on-line)
[    1.681854] input: Power Button as /devices/LNXSYSTM:00/LNXPWRBN:00/input/input0
[    1.683197] ACPI: Power Button [PWRF]
[    1.683962] input: Sleep Button as /devices/LNXSYSTM:00/LNXSLPBN:00/input/input1
[    1.685174] ACPI: Sleep Button [SLPF]
[    1.686457] ACPI: Battery Slot [BAT0] (battery present)
[    1.687284] GHES: HEST is not enabled!
[    1.688019] Serial: 8250/16550 driver, 32 ports, IRQ sharing enabled
[    1.710668] 00:02: ttyS0 at I/O 0x3f8 (irq = 4, base_baud = 115200) is a 16550A
[    1.712953] Linux agpgart interface v0.103
[    1.715178] loop: module loaded
[    1.722439] scsi host0: ata_piix
[    1.723327] scsi host1: ata_piix
[    1.723947] ata1: PATA max UDMA/33 cmd 0x1f0 ctl 0x3f6 bmdma 0xd000 irq 14
[    1.725030] ata2: PATA max UDMA/33 cmd 0x170 ctl 0x376 bmdma 0xd008 irq 15
[    1.726183] libphy: Fixed MDIO Bus: probed
[    1.726926] tun: Universal TUN/TAP device driver, 1.6
[    1.727779] tun: (C) 1999-2004 Max Krasnyansky <maxk@qualcomm.com>
[    1.728809] PPP generic driver version 2.4.2
[    1.729563] ehci_hcd: USB 2.0 'Enhanced' Host Controller (EHCI) Driver
[    1.734477] ehci-pci: EHCI PCI platform driver
[    1.764637] ehci-platform: EHCI generic platform driver
[    1.765746] ohci_hcd: USB 1.1 'Open' Host Controller (OHCI) Driver
[    1.766890] ohci-pci: OHCI PCI platform driver
[    1.800937] ohci-platform: OHCI generic platform driver
[    1.801843] uhci_hcd: USB Universal Host Controller Interface driver
[    1.802833] i8042: PNP: PS/2 Controller [PNP0303:PS2K,PNP0f03:PS2M] at 0x60,0x64 irq 1,12
[    1.804762] serio: i8042 KBD port at 0x60,0x64 irq 1
[    1.805558] serio: i8042 AUX port at 0x60,0x64 irq 12
[    1.806708] mousedev: PS/2 mouse device common for all mice
[    1.807989] input: AT Translated Set 2 keyboard as /devices/platform/i8042/serio0/input/input2
[    1.809855] rtc_cmos rtc_cmos: rtc core: registered rtc_cmos as rtc0
[    1.811111] rtc_cmos rtc_cmos: alarms up to one day, 114 bytes nvram
[    1.812153] i2c /dev entries driver
[    1.812809] device-mapper: uevent: version 1.0.3
[    1.813597] device-mapper: ioctl: 4.34.0-ioctl (2015-10-28) initialised: dm-devel@redhat.com
[    1.862682] ledtrig-cpu: registered to indicate activity on CPUs
[    1.886306] NET: Registered protocol family 10
[    1.915455] NET: Registered protocol family 17
[    1.916732] Key type dns_resolver registered
[    1.920931] registered taskstats version 1
[    1.931961] Loading compiled-in X.509 certificates
[    1.933220] Loaded X.509 cert 'Build time autogenerated kernel key: 20acc96b50ca7641011eace69d32209215a9b56f'
[    1.952253] zswap: loaded using pool lzo/zbud
[    1.973303] Key type trusted registered
[    1.976552] Key type encrypted registered
[    2.002894] AppArmor: AppArmor sha1 policy hashing enabled
[    2.024325] ima: No TPM chip found, activating TPM-bypass!
[    2.039115] ima: Allocated hash algorithm: sha1
[    2.039854] evm: HMAC attrs: 0x1
[    2.040763]   Magic number: 10:818:535
[    2.041412] tty ttyS15: hash matches
[    2.042093] rtc_cmos rtc_cmos: setting system clock to 2018-11-11 14:30:51 UTC (1541946651)
[    2.069704] BIOS EDD facility v0.16 2004-Jun-25, 0 devices found
[    2.070591] EDD information not available.
[    2.072329] Freeing unused kernel memory: 1528K
[    2.087492] Write protecting the kernel read-only data: 14336k
[    2.107820] Freeing unused kernel memory: 1672K
[    2.115892] Freeing unused kernel memory: 92K
Loading, please [    2.126652] random: systemd-udevd: uninitialized urandom read (16 bytes read, 3 bits of entropy available)
wait...
starting version 229
[    2.127217] random: udevadm: uninitialized urandom read (16 bytes read, 3 bits of entropy available)
[    2.127232] random: udevadm: uninitialized urandom read (16 bytes read, 3 bits of entropy available)
[    2.132365] random: systemd-udevd: uninitialized urandom read (16 bytes read, 3 bits of entropy available)
[    2.135152] random: udevadm: uninitialized urandom read (16 bytes read, 3 bits of entropy available)
[    2.135194] random: udevadm: uninitialized urandom read (16 bytes read, 3 bits of entropy available)
[    2.135342] random: udevadm: uninitialized urandom read (16 bytes read, 3 bits of entropy available)
[    2.135388] random: udevadm: uninitialized urandom read (16 bytes read, 3 bits of entropy available)
[    2.135433] random: udevadm: uninitialized urandom read (16 bytes read, 3 bits of entropy available)
[    2.135480] random: udevadm: uninitialized urandom read (16 bytes read, 3 bits of entropy available)
[    2.204522] Fusion MPT base driver 3.04.20
[    2.205363] Copyright (c) 1999-2008 LSI Corporation
[    2.218730] Fusion MPT SPI Host driver 3.04.20
[    2.228927] AVX2 version of gcm_enc/dec engaged.
[    2.229796] AES CTR mode by8 optimization enabled
[    2.233922] e1000: Intel(R) PRO/1000 Network Driver - version 7.3.21-k8-NAPI
[    2.235061] e1000: Copyright (c) 1999-2006 Intel Corporation.
[    2.235186] mptbase: ioc0: Initiating bringup
[    2.465427] input: ImExPS/2 Generic Explorer Mouse as /devices/platform/i8042/serio1/input/input4
[    2.475985] ioc0: LSI53C1030 A0: Capabilities={Initiator}
[    2.631216] tsc: Refined TSC clocksource calibration: 2904.553 MHz
[    2.677777] clocksource: tsc: mask: 0xffffffffffffffff max_cycles: 0x29de1052ab2, max_idle_ns: 440795291733 ns
[    2.730160] scsi host2: ioc0: LSI53C1030 A0, FwRev=00000000h, Ports=1, MaxQ=256, IRQ=20
[    2.839650] scsi 2:0:0:0: Direct-Access     VBOX     HARDDISK         1.0  PQ: 0 ANSI: 5
[    2.921770] scsi target2:0:0: Beginning Domain Validation
[    2.938470] scsi target2:0:0: Domain Validation skipping write tests
[    2.939486] scsi target2:0:0: Ending Domain Validation
[    2.940477] scsi target2:0:0: asynchronous
[    2.947297] scsi 2:0:1:0: Direct-Access     VBOX     HARDDISK         1.0  PQ: 0 ANSI: 5
[    2.954307] scsi target2:0:1: Beginning Domain Validation
[    2.956932] scsi target2:0:1: Domain Validation skipping write tests
[    2.958211] scsi target2:0:1: Ending Domain Validation
[    2.959292] scsi target2:0:1: asynchronous
[    2.984037] sd 2:0:0:0: Attached scsi generic sg0 type 0
[    2.994697] sd 2:0:0:0: [sda] 20971520 512-byte logical blocks: (10.7 GB/10.0 GiB)
[    2.996510] sd 2:0:0:0: [sda] Write Protect is off
[    2.997838] sd 2:0:0:0: [sda] Incomplete mode parameter data
[    2.999022] sd 2:0:0:0: [sda] Assuming drive cache: write through
[    3.000636] sd 2:0:1:0: Attached scsi generic sg1 type 0
[    3.002181] sd 2:0:1:0: [sdb] 20480 512-byte logical blocks: (10.5 MB/10.0 MiB)
[    3.003981] sd 2:0:1:0: [sdb] Write Protect is off
[    3.005142] sd 2:0:1:0: [sdb] Incomplete mode parameter data
[    3.006202] sd 2:0:1:0: [sdb] Assuming drive cache: write through
[    3.255410] e1000 0000:00:03.0 eth0: (PCI:33MHz:32-bit) 02:20:67:8c:d5:af
[    3.256612] e1000 0000:00:03.0 eth0: Intel(R) PRO/1000 Network Connection
[    3.637358]  sda: sda1
[    3.645973] sd 2:0:0:0: [sda] Attached SCSI disk
[    3.663969] e1000 0000:00:08.0 eth1: (PCI:33MHz:32-bit) 08:00:27:b5:e7:a3
[    3.666792] e1000 0000:00:08.0 eth1: Intel(R) PRO/1000 Network Connection
[    3.673358] e1000 0000:00:08.0 enp0s8: renamed from eth1
[    3.691338] e1000 0000:00:03.0 enp0s3: renamed from eth0
[    3.739259] sd 2:0:1:0: [sdb] Attached SCSI disk
Begin: Loading e[    5.136091] md: linear personality registered for level -1
ssential drivers ... [    5.169909] md: multipath personality registered for level -4
[    5.172800] md: raid0 personality registered for level 0
[    5.175876] md: raid1 personality registered for level 1
[    5.251599] raid6: sse2x1   gen() 11722 MB/s
[    5.323821] raid6: sse2x1   xor()  8958 MB/s
[    5.431938] raid6: sse2x2   gen() 14822 MB/s
[    5.547445] raid6: sse2x2   xor()  9574 MB/s
[    5.615685] raid6: sse2x4   gen() 15221 MB/s
[    5.683899] raid6: sse2x4   xor() 10721 MB/s
[    5.779573] raid6: avx2x1   gen() 23076 MB/s
[    5.915113] raid6: avx2x2   gen() 21227 MB/s
[    5.983118] raid6: avx2x4   gen() 25927 MB/s
[    5.984139] raid6: using algorithm avx2x4 gen() 25927 MB/s
[    5.985004] raid6: using avx2x2 recovery algorithm
[    5.986819] xor: automatically using best checksumming function:
[    6.027494]    avx       : 27841.000 MB/sec
[    6.031771] async_tx: api initialized (async)
[    6.058569] md: raid6 personality registered for level 6
[    6.059582] md: raid5 personality registered for level 5
[    6.060511] md: raid4 personality registered for level 4
[    6.072269] md: raid10 personality registered for level 10
done.
Begin: Running /scripts/init-premount ... done.
Begin: Mounting root file system ... Begin: Running /scripts/local-top ... done.
Begin: Running /scripts/local-premount ... [    6.099324] Btrfs loaded
Scanning for Btrfs filesystems
done.
Warning: fsck not present, so skipping root file system
[    6.271677] EXT4-fs (sda1): mounted filesystem with ordered data mode. Opts: (null)
done.
Begin: Running /scripts/local-bottom ... done.
Begin: Running /scripts/init-bottom ... done.
[  756764] random: nonbcking pool is initialized
[    7.8894] std[1]: systemd 229 running in system mode. (+PAM +AUDIT +SELINUX +IMA +APPARMOR +SMACK +SYSVINIT +UTMP +LIBCRYPTSETUP +GCRYPT +GNUTLS +ACL +XZ -LZ4 +SECCOMP +BLKID +ELFUTILS +KMOD -IDN)
[    8.069980] systemd[1]: Detected virtualization oracle.
[    8.071050] systemd[1]: Detected architecture x86-64.

Welcome to [1mUbuntu 16.04.5 LTS[0m!

[    8.461290] systemd[1]: Set hostname to <ubuntu>.
[    8.573795] systemd[1]: Initializing machine ID from random generator.
[    8.575048] systemd[1]: Instle transient /etcmmache-id ile.
[   10.527869] systemd[1]: Listening on Device-mapper event daemon FIFOs.
[[0;32m  OK  [0m] Listening on Device-mapper event daemon FIFOs.
[   10.765414] systemd[1]: Listening on Journal Socket.
[[0;32m  OK  [0m] Listening on Journal Socket.
[   10.768820] systemd[1]: Reached target User and Group Name Lookups.
[[0;32m  OK  [0m] Reached target User and Group Name Lookups.
[ 11.167546] systemd[1]Listening on udev Kernel Socket.

[[0;32m  OK  [0m] Listening on udev Kernel Socket.
[   11.262512] systemd[1]: Listening on Journal Audit Socket.
[[0;32m  OK  [0m] Listening on Journal Audit Socket.
[   11.265197] systemd[1]: Reached target Encrypted Volumes.
[[0;32m  OK  [0m] Reached target Encrypted Volumes.
[   11.267813] systemd[1]: Listening on /dev/initctl Compatibility Named Pipe.
[[0;32m  OK  [0m] Listening on /dev/initctl Compatibility Named Pipe.
[ 11041]syste[1 Srt Forward Password Requests to Wall Directory Watch.
[[0;32m  OK  [0m] Started Forward Password Requests to Wall Directory Watch.
[   1681970] syem1]Seuputou Arbitrary Executable File FormatFi SteAumount Point.

[[0;32m  OK  [0m] Set up automount Arbitrary Executab...ats File System Automount Point.
[   12.335603] systemd[1]: Listening on Syslog Socket.
[[0;32m  OK  [0m] Listening on Syslog Socket.
[ 12.40414 systemd[1]: acd rget Swap.
[[0;32m  OK  [0m] Reached target Swap.
[   12.700520] systemd1]: Reahed rg StemimSyhrnize
[[0;32m  OK  [0m] Reached target System Time Synchronized.
[ 13.526] systemd[1]: Listeningn Joualock (/dev/log).
[[0;32m  OK  [0m] Listening on Journal Socket (/dev/log).
[   13.8915] systemd[1]: Listening on LVM2 poll daemon socket.
[[0;32m  OK  [0m] Listening on LVM2 poll daemon socket.
[   13.966179] systemd[1]: Listening on udev Control Socket.
[[0;32m  OK  [0m] Listening on udev Control Socket.
[   14.080285] systemd[1]: Created slice System Slice.
[[0;32m  OK  [0m] Created slice System Slice.
[   14.100274] systemd[1]: Starting Create list of required static device nodes for the current kernel...
         Starting Create list of required st... nodes for the current kernel...
[   14.104264] systemd[1]: Mounting Debug File System...
         Mounting Debug File System...
[   14.165521] systemd[1]: Starting Uncomplicated firewall...
         Starting Uncomplicated firewall...
[   14.167939] systemd[1]: Created slice system-serial\x2dgetty.slice.
[[0;32m  OK  [0m] Created slice system-serial\x2dgetty.slice.
[   14.170957] systemd[1]: Mounting POSIX Message Queue File System...
         Mounting POSIX Message Queue File System...
[   14.232100] systemd[1]: Starting Load Kernel Modules...
         Starting Load Kernel Modules...
[   14.250527] systemd[1]: Mounting Huge Pages File System...
         Mounting Huge Pages File System...
[   14.303441] systemd[1]: Starting Journal Service...
         Starting Journal[   14.322054] Loading iSCSI transport class v2.0-870.
 Service...
[   14.364956] systemd[1]: Starting Remount Root and Kernel File Systems...
         Starting Remount Root and Kernel File Systems...
[   14.384145] systemd[1]: Started Trigger resolvconf update for networkd DNS.
[[0;32m  OK  [0m] Started Trigger resolvconf update for networkd DNS.
[   14.422488] EXT4-fs (sda1): re-mounted. Opts: (null)
[   14.433191] iscsi: registered transport (tcp)
[   14.435788] systemd[1]: Starting Nameserver information manager...
         Starting Nameserver information manager...
[   14.438999] systemd[1]: Listening on LVM2 metadata daemon socket.
[[0;32m  OK  [0m] Listening on LVM2 metadata daemon socket.
[   14.442297] systemd[1]: Starting Monitoring of LVM2 mirrors, snapshots etc. using dmeventd or progress polling...
         Starting Monitoring of LVM2 mirrors... dmeventd or progress polling...
[   14.465962] systemd[1]: Starting Set console keymap...
         Starting Set console keymap...
[ 14045]system1]: Created slicUs a Session Slice.

[[0;32m  OK  [0m] Created slice User and Session Slice.
[   14.874273] systemd[1]: Reached target Slices.
[[0;32m  OK  [0m] Reached target Slices.
[   19472 ssystemd[1]: Mounted Huge Pages File System.
[[0;32m  OK  [0m] Mounted Huge Pages File System.
[   15.065 ste[1 Mnt POSIX esage Queue File Syst.

[[0;32m  OK  [0m] Mounted POSIX Message Queue File System.
[   15.530714] systemd[1]: Mounted Debug File System.
[[0;32m  OK  [0m] Mounted Debug File System.
[   15.574251] systemd[1]: Started Create list of required static device nodes for the current kernel.
[[0;32m  OK  [0m] Started Create list of required sta...ce nodes for the current kernel.
[   15.615062] iscsi: registered transport (iser)
[   15.616755] systemd[1]: Started Uncomplicated firewall.
[[0;32m  OK  [0m] Started Uncomplicated firewall.
[   15.619636] systemd[1]: Started Load Kernel Modules.
[[0;32m  OK  [0m] Started Load Kernel Modules.
[   15.622353] systemd[1]: Started Remount Root and Kernel File Systems.
[[0;32m  OK  [0m] Started Remount Root and Kernel File Systems.
[   15.728363] systemd[1]: Started Set console keymap.
[[0;32m  OK  [0m] Started Set console keymap.
[   15.7822syem1]: Started Nameserver information manager.

[[0;32m  OK  [0m] Started Nameserver information manager.
[   15.979785] systemd[1]: Started Journal Service.
[[0;32m  OK  [0m] Started Journal Service.
[[0;32m  OK  [0m] Started LVM2 metadata daemon.
         Starting udev Coldplug all Devices...
         Starting Flush Journal to Persistent Storage...
         Starting Load/Save Random Seed...
         Mounting FUSE Control File System...
         Starting Apply Kernel Variables...
         Starting Create Static Device Nodes in /dev...
[[0;32m  OK  [0m] Mounted FUSE Control File System.
[[0;32m  OK  [0m] Started Monitoring of LVM2 mirrors,...ng dmeventd or progress polling.
[[0;32m  OK  [0m] Started Load/Save Random Seed.
[[0;32m  OK  [0m] Started Apply Kernel Variables.
[[0;32m  OK  [0m] Started Create Static Device Nodes in /dev.
[[0;32m  OK  [0m] Started udev Coldplug all Devices.
[[0;32m  OK  [0m] Started Flush Journal to Persistent Storage.
         Starting udev Kernel Device Manager...
[[0;32m  OK  [0m] Started udev Kernel Device Manager.
[[0;32m  OK  [0m] Started Dispatch Password Requests to Console Directory Watch.
[[0;32m  OK  [0m] Reached target Local File Systems (Pre).
[[0;32m  OK  [0m] Reached target Local File Systems.
         Starting Tell Plymouth To Write Out Runtime Data...
         Starting Create Volatile Files and Directories...
         Starting Set console font and keymap...
         Starting Commit a transient machine-id on disk...
         Starting LSB: AppArmor initialization...
         Starting Initial cloud-init job (pre-networking)...
[[0;32m  OK  [0m] Started Tell Plymouth To Write Out Runtime Data.
[[0;32m  OK  [0m] Started Create Volatile Files and Directories.
[[0;32m  OK  [0m] Started Commit a transient machine-id on disk.
[[0;32m  OK  [0m] Found device /dev/ttyS0.
         Starting Update UTMP about System Boot/Shutdown...
[[0;32m  OK  [0m] Listening on Load/Save RF Kill Switch Status /dev/rfkill Watch.
[[0;32m  OK  [0m] Started Update UTMP about System Boot/Shutdown.
[[0;32m  OK  [0m] Started Set console font and keymap.
[[0;32m  OK  [0m] Created slice system-getty.slice.
[[0;32m  OK  [0m] Started LSB: AppArmor initialization.
[   22.937813] cloud-init[498]: Cloud-init v. 18.3-9-g2e62cb8a-0ubuntu1~16.04.2 running 'init-local' at Sun, 11 Nov 2018 14:31:12 +0000. Up 22.47 seconds.
[[0;32m  OK  [0m] Started Initial cloud-init job (pre-networking).
[[0;32m  OK  [0m] Reached target Network (Pre).
         Starting Raise network interfaces...
[[0;32m  OK  [0m] Started Raise network interfaces.
[[0;32m  OK  [0m] Reached target Network.
         Starting Initial cloud-init job (metadata service crawler)...
[   28.658187] cloud-init[941]: Cloud-init v. 18.3-9-g2e62cb8a-0ubuntu1~16.04.2 running 'init' at Sun, 11 Nov 2018 14:31:13 +0000. Up 23.64 seconds.
[   28.675445] cloud-init[941]: ci-info: ++++++++++++++++++++++++++++++++++++++Net device info+++++++++++++++++++++++++++++++++++++++
[   28.684644] cloud-init[941]: ci-info: +--------+-------+----------------------------+---------------+--------+-------------------+
[   28.896832] cloud-init[941]: ci-info: | Device |   Up  |          Address           |      Mask     | Scope  |     Hw-Address    |
[   29.032513] cloud-init[941]: ci-info: +--------+-------+----------------------------+---------------+--------+-------------------+
[[0;32m  OK  [0m] Started Initial cloud-init job (metadata service crawler).
[[   29.279993] cloud-init[941]: ci-info: | enp0s3 |  True |         10.0.2.15          | 255.255.255.0 | global | 02:20:67:8c:d5:af |
[   29.405592] cloud-init[941]: ci-info: | enp0s3 |  True | fe80::20:67ff:fe8c:d5af/64 |       .       |  link  | 02:20:67:8c:d5:af |
[   29.405720] cloud-init[941]: ci-info: | enp0s8 | False |             .              |       .       |   .    | 08:00:27:b5:e7:a3 |
[   29.405884] cloud-init[941]: ci-info: |   lo   |  True |         127.0.0.1          |   255.0.0.0   |  host  |         .         |
[   29.406029] cloud-init[941]: ci-info: |   lo   |  True |          ::1/128           |       .       |  host  |         .         |
[   29.406182] cloud-init[941]: ci-info: +--------+-------+----------------------------+---------------+--------+-------------------+
[   29.406330] cloud-init[941]: ci-info: +++++++++++++++++++++++++++Route IPv4 info++++++++++++++++++++++++++++
[   29.406489] cloud-init[941]: ci-info: +-------+-------------+----------+---------------+-----------+-------+
[   29.406642] cloud-init[941]: ci-info: | Route | Destination | Gateway  |    Genmask    | Interface | Flags |
[   29.406986] cloud-init[941]: ci-info: +-------+-------------+----------+---------------+-----------+-------+
[   29.407144] cloud-init[941]: ci-info: |   0   |   0.0.0.0   | 10.0.2.2 |    0.0.0.0    |   enp0s3  |   UG  |
[   29.407544] cloud-init[941]: ci-info: |   1   |   10.0.2.0  | 0.0.0.0  | 255.255.255.0 |   enp0s3  |   U   |
[   29.407723] cloud-init[941]: ci-info: +-------+-------------+----------+---------------+-----------+-------+
[   29.407861] cloud-init[941]: ci-info: +++++++++++++++++++Route IPv6 info+++++++++++++++++++
[   29.408046] cloud-init[941]: ci-info: +-------+-------------+---------+-----------+-------+
[   29.408199] cloud-init[941]: ci-info: | Route | Destination | Gateway | Interface | Flags |
[   29.408347] cloud-init[941]: ci-info: +-------+-------------+---------+-----------+-------+
[   29.408505] cloud-init[941]: ci-info: |   0   |  fe80::/64  |    ::   |   enp0s3  |   U   |
[   29.408736] cloud-init[941]: ci-info: |   3   |   ff00::/8  |    ::   |   enp0s3  |   U   |
[0;32m  OK  [0m] Reached target Cloud-config availability.
[   29.408839] cloud-init[941]: ci-info: +-------+-------------+---------+-----------+-------+
[   29.898042] cloud-init[941]: Generating public/private rsa key pair.
[   29.898290] cloud-init[941]: Your identification has been saved in /etc/ssh/ssh_host_rsa_key.
[   29.898466] cloud-init[941]: Your public key has been saved in /etc/ssh/ssh_host_rsa_key.pub.
[   29.898825] cloud-init[941]: The key fingerprint is:
[   29.898980] cloud-init[941]: SHA256:Gt1DhO/RpN9MiBB6f27wc5hJUH5wo03m22uD4p2H60U root@ubuntu-xenial
[   29.899160] cloud-init[941]: The key's randomart image is:
[   29.899308] cloud-init[941]: +---[RSA 2048]----+
[   29.899472] cloud-init[941]: |        .o. o =  |
[   29.899794] cloud-init[941]: |       .o. o.O . |
[   29.899957] cloud-init[941]: |      . .oo=o.+  |
[   29.900300] cloud-init[941]: |       o +=.o..o |
[   29.900458] cloud-init[941]: |      . S.=oo+.E.|
[   29.900779] cloud-init[941]: |       o  .B.+= .|
[   29.900939] cloud-init[941]: |      .    .O.o= |
[   29.901093] cloud-init[941]: |          ..o++..|
[   29.901256] cloud-init[941]: |           ..=o  |
[   29.901429] cloud-init[941]: +----[SHA256]-----+
[   29.901867] cloud-init[941]: Generating public/private dsa key pair.
[   29.902024] cloud-init[941]: Your identification has been saved in /etc/ssh/ssh_host_dsa_key.
[   29.902214] cloud-init[941]: Your public key has been saved in /etc/ssh/ssh_host_dsa_key.pub.
[   29.902412] cloud-init[941]: The key fingerprint is:
[   29.902619] cloud-init[941]: SHA256:w4M3U5413aK6J5sDSiUzr92jIM9Afk1jn/xLyGwl7R4 root@ubuntu-xenial
[   29.902801] cloud-init[941]: The key's randomart image is:
[   29.902991] cloud-init[941]: +---[DSA 1024]----+
[   29.903138] cloud-init[941]: |                 |
[   29.903339] cloud-init[941]: |             . . |
[   29.903746] cloud-init[941]: |          . o o .|
[   29.903937] cloud-init[941]: |      +o.o + o . |
[   29.904361] cloud-init[941]: |    . .*S + +    |
[   29.904756] cloud-init[941]: |   o  .=o@ B     |
[   29.904886] cloud-init[941]: |    +.o+.oX E    |
[   29.905038] cloud-init[941]: |     *o...=*..   |
[   29.905203] cloud-init[941]: |      o ..+*+.   |
[   29.905344] cloud-init[941]: +----[SHA256]-----+
[   29.905685] cloud-init[941]: Generating public/private ecdsa key pair.
[   29.905828] cloud-init[941]: Your identification has been saved in /etc/ssh/ssh_host_ecdsa_key.
[   29.905977] cloud-init[941]: Your public key has been saved in /etc/ssh/ssh_host_ecdsa_key.pub.
[   29.906126] cloud-init[941]: The key fingerprint is:
[   29.906274] cloud-init[941]: SHA256:B8DhDwK01qVPcd3HUCoI3cagdz4WNKKmu2lXwfOjq7E root@ubuntu-xenial
[   29.906454] cloud-init[941]: The key's randomart image is:
[   29.906979] cloud-init[941]: +---[ECDSA 256]---+
[   29.907124] cloud-init[941]: | .o  .*o+=o..+.  |
[   29.907289] cloud-init[941]: |   + +.B.+=...o  |
[   29.907457] cloud-init[941]: |  o + B.+.+ ..   |
[   29.907613] cloud-init[941]: | .   * +++ o     |
[   29.907772] cloud-init[941]: |    . . S+=      |
[   29.907919] cloud-init[941]: |     .  .oo.     |
[   29.908238] cloud-init[941]: |    . .. . .     |
[   29.908593] cloud-init[941]: |    .o.o.        |
[   29.908744] cloud-init[941]: |   .o.E...       |
[   29.909229] cloud-init[941]: +----[SHA256]-----+
[   29.909392] cloud-init[941]: Generating public/private ed25519 key pair.
[   29.909523] cloud-init[941]: Your identification has been saved in /etc/ssh/ssh_host_ed25519_key.
[   29.909670] cloud-init[941]: Your public key has been saved in /etc/ssh/ssh_host_ed25519_key.pub.
[   29.909893] cloud-init[941]: The key fingerprint is:
[   29.910030] cloud-init[941]: SHA256:7u5CoA1Su0xipg2KKhC5/ZaJfusr1fWLi2xek2Cg/ek root@ubuntu-xenial
[   29.910184] cloud-init[941]: The key's randomart image is:
[   29.910355] cloud-init[941]: +--[ED25519 256]--+
[   29.910488] cloud-init[941]: |                 |
[   29.910630] cloud-init[941]: |  .              |
[   29.911029] cloud-init[941]: | o ..            |
[   29.911089] cloud-init[941]: |*o+o..  .        |
[   29.911239] cloud-init[941]: |*@.=.oo.S.       |
[[0;32m  OK  [0m] Reached target System Initialization.
[   29.911419] cloud-init[941]: |* * ooo+ ..      |
[[   29.911490] cloud-init[941]: |o  + +o =. .     |
[   30.149751] cloud-init[941]: |o o *oo+...      |
[   30.149927] cloud-init[941]: |...=+=E+=.       |
[   30.150100] cloud-init[941]: +----[SHA256]-----+
[0;32m  OK  [0m] Listening on UUID daemon activation socket.
         Starting Socket activation for snappy daemon.
[[0;32m  OK  [0m] Listening on ACPID Listen Socket.
[[0;32m  OK  [0m] Started ACPI Events Check.
[[0;32m  OK  [0m] Reached target Paths.
[[0;32m  OK  [0m] Started Daily apt download activities.
[[0;32m  OK  [0m] Started Daily apt upgrade and clean activities.
[[0;32m  OK  [0m] Started Daily Cleanup of Temporary Directories.
[[0;32m  OK  [0m] Reached target Timers.
         Starting LXD - unix socket.
[[0;32m  OK  [0m] Listening on D-Bus System Message Bus Socket.
[[0;32m  OK  [0m] Reached target Network is Online.
         Starting iSCSI initiator daemon (iscsid)...
[[0;32m  OK  [0m] Listening on Socket activation for snappy daemon.
[[0;32m  OK  [0m] Listening on LXD - unix socket.
[[0;32m  OK  [0m] Reached target Sockets.
[[0;32m  OK  [0m] Reached target Basic System.
         Starting LXD - container startup/shutdown...
[[0;32m  OK  [0m] Started FUSE filesystem for LXC.
         Starting /etc/rc.local Compatibility...
         Starting Virtualbox guest utils...
         Starting LSB: Record successful boot for GRUB...
[[0;32m  OK  [0m] Started D-Bus System Message Bus.
         Starting Login Service...
[[0;32m  OK  [0m] Started Regular background program processing daemon.
         Starting System Logging Service...
[[0;32m  OK  [0m] Started Unattended Upgrades Shutdown.
         Starting LSB: MD monitoring daemon...
         Starting Accounts Service...
[[0;32m  OK  [0m] Started Deferred execution scheduler.
[[0;32m  OK  [0m] Started ACPI event daemon.
         Starting Pollinate to seed the pseudo random number generator...
         Starting Snappy daemon...
[[0;32m  OK  [0m] Started /etc/rc.local Compatibility.
[[0;32m  OK  [0m] Started Login Service.
[[0;32m  OK  [0m] Started LSB: Record successful boot for GRUB.
[[0;32m  OK  [0m] Started iSCSI initiator daemon (iscsid).
         Starting Login to default iSCSI targets...
[[0;32m  OK  [0m] Started LSB: MD monitoring daemon.
[[0;32m  OK  [0m] Started Login to default iSCSI targets.
[[0;32m  OK  [0m] Reached target Remote File Systems (Pre).
[[0;32m  OK  [0m] Reached target Remote File Systems.
         Starting LSB: automatic crash report generation...
         Starting Permit User Sessions...
         Starting LSB: Set the CPU Frequency Scaling governor to "ondemand"...
         Starting LSB: daemon to balance interrupts for SMP systems...
[[0;32m  OK  [0m] Started System Logging Service.
[[0;32m  OK  [0m] Started LSB: Set the CPU Frequency Scaling governor to "ondemand".
[[0;32m  OK  [0m] Started Permit User Sessions.
         Starting Terminate Plymouth Boot Screen...
         Starting Hold until boot process finishes up...
[[0;32m  OK  [0m] Started Hold until boot process finishes up.
[[0;32m  OK  [0m] Started LXD - container startup/shutdown.
[[0;32m  OK  [0m] Started Terminate Plymouth Boot Screen.
         Starting Authenticate and Authorize Users to Run Privileged Tasks...
         Starting Set console scheme...
[[0;32m  OK  [0m] Started Serial Getty on ttyS0.
[[0;32m  OK  [0m] Started Getty on tty1.
[[0;32m  OK  [0m] Reached target Login Prompts.
[[0;32m  OK  [0m] Started LSB: automatic crash report generation.
[[0;32m  OK  [0m] Started Set console scheme.
[[0;32m  OK  [0m] Started Virtualbox guest utils.
[[0;32m  OK  [0m] Started LSB: daemon to balance interrupts for SMP systems.
[[0;32m  OK  [0m] Started Authenticate and Authorize Users to Run Privileged Tasks.
[[0;32m  OK  [0m] Started Accounts Service.
[[0;32m  OK  [0m] Started Snappy daemon.
         Starting Wait until snapd is fully seeded...
[[0;32m  OK  [0m] Started Pollinate to seed the pseudo random number generator.
         Starting OpenBSD Secure Shell server...
[[0;32m  OK  [0m] Started OpenBSD Secure Shell server.
[[0;32m  OK  [0m] Started Wait until snapd is fully seeded.
[[0;32m  OK  [0m] Reached target Multi-User System.
[[0;32m  OK  [0m] Reached target Graphical Interface.
         Starting Update UTMP about System Runlevel Changes...
         Starting Apply the settings specified in cloud-config...
[[0;32m  OK  [0m] Started Update UTMP about System Runlevel Changes.
[[0;32m  OK  [0m] Created slice User Slice of vagrant.
         Starting User Manager for UID 1000...
[[0;32m  OK  [0m] Started Session 1 of user vagrant.
[[0;32m  OK  [0m] Started User Manager for UID 1000.
[   36.628199] cloud-init[1268]: Generating locales (this might take a while)...
[   38.250201] cloud-init[1268]:   en_US.UTF-8... done
[   38.250795] cloud-init[1268]: Generation complete.

Ubuntu 16.04.5 LTS ubuntu-xenial ttyS0

ubuntu-xenial login: [   41.042112] cloud-init[1268]: Cloud-init v. 18.3-9-g2e62cb8a-0ubuntu1~16.04.2 running 'modules:config' at Sun, 11 Nov 2018 14:31:25 +0000. Up 35.85 seconds.
ci-info: no authorized ssh keys fingerprints found for user ubuntu.
<14>Nov 11 14:31:32 ec2: 
<14>Nov 11 14:31:32 ec2: #############################################################
<14>Nov 11 14:31:32 ec2: -----BEGIN SSH HOST KEY FINGERPRINTS-----
<14>Nov 11 14:31:32 ec2: 1024 SHA256:w4M3U5413aK6J5sDSiUzr92jIM9Afk1jn/xLyGwl7R4 root@ubuntu-xenial (DSA)
<14>Nov 11 14:31:32 ec2: 256 SHA256:B8DhDwK01qVPcd3HUCoI3cagdz4WNKKmu2lXwfOjq7E root@ubuntu-xenial (ECDSA)
<14>Nov 11 14:31:32 ec2: 256 SHA256:7u5CoA1Su0xipg2KKhC5/ZaJfusr1fWLi2xek2Cg/ek root@ubuntu-xenial (ED25519)
<14>Nov 11 14:31:32 ec2: 2048 SHA256:Gt1DhO/RpN9MiBB6f27wc5hJUH5wo03m22uD4p2H60U root@ubuntu-xenial (RSA)
<14>Nov 11 14:31:32 ec2: -----END SSH HOST KEY FINGERPRINTS-----
<14>Nov 11 14:31:32 ec2: #############################################################
-----BEGIN SSH HOST KEY KEYS-----
ecdsa-sha2-nistp256 AAAAE2VjZHNhLXNoYTItbmlzdHAyNTYAAAAIbmlzdHAyNTYAAABBBGvOmx9pD/u70A0myorJVAVu1S47K+hnYW/2S/Q+hXAguIqZd+JSjHLWN6od6+XpfnI/+zfhtAkSs7AnVXSFAzE= root@ubuntu-xenial
ssh-ed25519 AAAAC3NzaC1lZDI1NTE5AAAAIDZ7PIGE3iDuGxoYplpFu5Wy15dnER96w1o7SNKoEhYP root@ubuntu-xenial
ssh-rsa AAAAB3NzaC1yc2EAAAADAQABAAABAQCt5kmQHIW47R1zmJgzNrUGe/gbmFvH2W2X3JRRkA8hyWBsYdYRXgZsHhlkDoE9gtN3khDxvacjUenmq/QSp7rrAYibSVIlmuTm33cpes4ZPzhmL88YipVBDo6pC/IXc7KCMb/yCFwBeWiWsXR559VVlp48vPwjqp1Og2hlH33NoftiYS9KtyOcMRKX4uywrmB+jEAGZfpRHEjtPwW9ezA/y33dWmDQky5REwYj4LkE/USJ7nvG6OvjvO8GFVXTNt2zyn+LZgWx01O8OPO+Fo/cyyx5gEXIzg3KeaoHHIs0pbXfaS1AkP+fCAhdz+QZ/nqzZjXW/SQiB9DuCklX7RPf root@ubuntu-xenial
-----END SSH HOST KEY KEYS-----
[   42.366032] cloud-init[1549]: Cloud-init v. 18.3-9-g2e62cb8a-0ubuntu1~16.04.2 running 'modules:final' at Sun, 11 Nov 2018 14:31:31 +0000. Up 41.32 seconds.
[   42.366237] cloud-init[1549]: ci-info: no authorized ssh keys fingerprints found for user ubuntu.
[   42.366376] cloud-init[1549]: Cloud-init v. 18.3-9-g2e62cb8a-0ubuntu1~16.04.2 finished at Sun, 11 Nov 2018 14:31:32 +0000. Datasource DataSourceNoCloud [seed=/dev/sdb][dsmode=net].  Up 42.35 seconds
